C:\Program Files\Microsoft Visual Studio\2022\Community\MSBuild\Microsoft\VC\v170\Microsoft.CppBuild.targets(531,5): warning MSB8028: The intermediate directory (Debug\) contains files shared from another project (sdl_simulacja1.vcxproj).  This can lead to incorrect clean and rebuild behavior.
  continuous_plot_functions.cpp
S:\GitHubReps\MyNeuralNetwork\continuous_plot_functions.cpp(3,10): error C1083: Cannot open include file: 'SDL.h': No such file or directory
  discrete_plot_functions.cpp
S:\GitHubReps\MyNeuralNetwork\discrete_plot_functions.cpp(3,10): error C1083: Cannot open include file: 'SDL.h': No such file or directory
  main.cpp
S:\GitHubReps\MyNeuralNetwork\main.cpp(1,10): error C1083: Cannot open include file: 'SDL.h': No such file or directory
  NeuralNetwork.cpp
S:\GitHubReps\MyNeuralNetwork\NeuralNetwork.cpp(27,20): warning C4018: '<': signed/unsigned mismatch
S:\GitHubReps\MyNeuralNetwork\NeuralNetwork.cpp(38,22): warning C4018: '<': signed/unsigned mismatch
S:\GitHubReps\MyNeuralNetwork\NeuralNetwork.cpp(68,47): warning C4244: '=': conversion from 'double' to '_Ty', possible loss of data
S:\GitHubReps\MyNeuralNetwork\NeuralNetwork.cpp(68,47): warning C4244:         with
S:\GitHubReps\MyNeuralNetwork\NeuralNetwork.cpp(68,47): warning C4244:         [
S:\GitHubReps\MyNeuralNetwork\NeuralNetwork.cpp(68,47): warning C4244:             _Ty=float
S:\GitHubReps\MyNeuralNetwork\NeuralNetwork.cpp(68,47): warning C4244:         ]
S:\GitHubReps\MyNeuralNetwork\NeuralNetwork.cpp(69,22): warning C4018: '<': signed/unsigned mismatch
S:\GitHubReps\MyNeuralNetwork\NeuralNetwork.cpp(70,52): warning C4244: '=': conversion from 'double' to '_Ty', possible loss of data
S:\GitHubReps\MyNeuralNetwork\NeuralNetwork.cpp(70,52): warning C4244:         with
S:\GitHubReps\MyNeuralNetwork\NeuralNetwork.cpp(70,52): warning C4244:         [
S:\GitHubReps\MyNeuralNetwork\NeuralNetwork.cpp(70,52): warning C4244:             _Ty=float
S:\GitHubReps\MyNeuralNetwork\NeuralNetwork.cpp(70,52): warning C4244:         ]
S:\GitHubReps\MyNeuralNetwork\NeuralNetwork.cpp(118,20): warning C4018: '<': signed/unsigned mismatch
  palettes.h
S:\GitHubReps\MyNeuralNetwork\palettes.h(3,10): error C1083: Cannot open include file: 'SDL.h': No such file or directory
  Generating Code...
